mx‑Random: [array([0, 0], dtype=uint32)]
Random state: [array([0, 0], dtype=uint32)]
Configuration: base_case:block
Hostname: PaloAlto: DYLD_LIBRARY_PATH:None
Random state: [array([0, 0], dtype=uint32)]
Configuration: base_case:block
Hostname: PaloAlto: DYLD_LIBRARY_PATH:None
All generated and saved datasets match.
training data shape: (2800, 401, 26, 26)
validation data shape: (800, 401, 26, 26)
<kourkoutas.Kourkoutas_optimizer.KourkoutasSoftmaxFlex object at 0x33d902610>
KOUR  β1=0.9 | β2_max=0.999 | β2_min=0.88 | α=0.93 | tiny=1.00e-08 | tiny=1.00e-08 | adaptT=False | decay=off | maxR=off | warmup=350 | eps=1.00e-08
 ===== Current Configuration for Fresh Run ====
 ----  Ensure everything is correct before starting ----
Config Key               
==================================================
boundary_conditions      
  Current Config: {'left_limits': [0, 1], 'right_limits': [0, 1], 'top_limits': [0, 1], 'bottom_limits': [0, 0.1]}
--------------------------------------------------
boundary_segment_strategy
  Current Config: base_case
--------------------------------------------------
checkpoint_epoch         
  Current Config: None
--------------------------------------------------
compare_current_loaded   
  Current Config: False
--------------------------------------------------
current_epoch            
  Current Config: None
--------------------------------------------------
eval                     
  Current Config: {'n_replace': 5, 'n_initial_frames': 5, 'batch_size_override': None}
--------------------------------------------------
geometry                 
  Current Config: {'rod_length': 1.0, 'rod_width': 1.0, 'dx': 0.04, 'dy': 0.04}
--------------------------------------------------
io_and_plots             
  Current Config: {'plots': {'movie_frames': False, 'num_examples': 20}, 'model_saving': True}
--------------------------------------------------
learning_rate_schedule   
  Current Config: {5: 0.001, 30: 0.0005, 40: 0.0001, 60: 1e-05, 120: 1e-06}
--------------------------------------------------
model_params             
  Current Config: {'start_predicting_from': 5, 'batch_size': 4, 'epochs': 100, 'time_steps': 401, 'num_heads': 16, 'num_encoder_layers': 24, 'mlp_dim': 256, 'embed_dim': 512, 'mask_type': 'block'}
--------------------------------------------------
run_label                
  Current Config: run_permute_quant_builtin_rope_Kourkoub1
--------------------------------------------------
save_checkpoints         
  Current Config: False
--------------------------------------------------
save_interval            
  Current Config: 101
--------------------------------------------------
scale_schedule           
  Current Config: {0: 0.0, 10: 0.05, 20: 0.0, 30: 0.05, 40: 0.0, 50: 0.01, 60: 0.0, 70: 0.005, 80: 0.0, 90: 0.0001, 100: 0.0, 110: 1e-05, 120: 0.0}
--------------------------------------------------
seed                     
  Current Config: 0
--------------------------------------------------
start_from_scratch       
  Current Config: True
--------------------------------------------------
thermal_diffusivity      
  Current Config: {'alpha_limits': [0.01, 0.1]}
--------------------------------------------------
training_samples         
  Current Config: 4000
--------------------------------------------------
************************ Hostname: PaloAlto Starting Training *********************** 
start_epoch: 0 epochs: 100 learning_rate: 0.0010000000474974513
